build/app/intermediates/manifest_merge_blame_file/debug/manifest-merger-blame-debug-report.txt
1<?xml version="1.0" encoding="utf-8"?>
2<manifest xmlns:android="http://schemas.android.com/apk/res/android"
3    package="com.example.hoodie_w_a_boogie"
4    android:versionCode="1"
5    android:versionName="0.1.0" >
6
7    <uses-sdk
8        android:minSdkVersion="20"
9        android:targetSdkVersion="33" />
10    <!--
11         The INTERNET permission is required for development. Specifically,
12         the Flutter tool needs it to communicate with the running application
13         to allow setting breakpoints, to provide hot reload, etc.
14    -->
15    <uses-permission android:name="android.permission.INTERNET" />
15-->src\main\AndroidManifest.xml:7:1-63
15-->src\main\AndroidManifest.xml:7:18-60
16    <!-- added these permissions -->
17    <uses-permission android:name="android.permission.ACCESS_FINE_LOCATION" />
17-->src\main\AndroidManifest.xml:4:9-83
17-->src\main\AndroidManifest.xml:4:26-80
18    <uses-permission android:name="android.permission.ACCESS_BACKGROUND_LOCATION" />
18-->src\main\AndroidManifest.xml:5:5-84
18-->src\main\AndroidManifest.xml:5:22-82
19    <uses-permission android:name="android.permission.WAKE_LOCK" />
19-->src\main\AndroidManifest.xml:6:5-68
19-->src\main\AndroidManifest.xml:6:22-65
20    <uses-permission android:name="android.permission.FOREGROUND_SERVICE" />
20-->src\main\AndroidManifest.xml:8:5-77
20-->src\main\AndroidManifest.xml:8:22-74
21    <uses-permission android:name="android.permission.ACCESS_COARSE_LOCATION" />
21-->[:location] AndroidManifest.xml:9:5-81
21-->[:location] AndroidManifest.xml:9:22-78
22    <uses-permission android:name="android.permission.ACCESS_NETWORK_STATE" />
22-->[com.google.firebase:firebase-auth:22.0.0] AndroidManifest.xml:26:5-79
22-->[com.google.firebase:firebase-auth:22.0.0] AndroidManifest.xml:26:22-76
23    <uses-permission android:name="com.google.android.gms.permission.AD_ID" />
23-->[com.google.android.gms:play-services-measurement-api:21.3.0] AndroidManifest.xml:25:5-79
23-->[com.google.android.gms:play-services-measurement-api:21.3.0] AndroidManifest.xml:25:22-76
24
25    <uses-feature
25-->[com.google.android.gms:play-services-maps:18.1.0] AndroidManifest.xml:26:5-28:35
26        android:glEsVersion="0x00020000"
26-->[com.google.android.gms:play-services-maps:18.1.0] AndroidManifest.xml:27:9-41
27        android:required="true" />
27-->[com.google.android.gms:play-services-maps:18.1.0] AndroidManifest.xml:28:9-32
28
29    <queries>
29-->[com.google.android.gms:play-services-maps:18.1.0] AndroidManifest.xml:30:5-34:15
30
31        <!-- Needs to be explicitly declared on Android R+ -->
32        <package android:name="com.google.android.apps.maps" />
32-->[com.google.android.gms:play-services-maps:18.1.0] AndroidManifest.xml:33:9-64
32-->[com.google.android.gms:play-services-maps:18.1.0] AndroidManifest.xml:33:18-61
33    </queries>
34
35    <uses-permission android:name="com.google.android.finsky.permission.BIND_GET_INSTALL_REFERRER_SERVICE" />
35-->[com.google.android.gms:play-services-measurement:21.3.0] AndroidManifest.xml:26:5-110
35-->[com.google.android.gms:play-services-measurement:21.3.0] AndroidManifest.xml:26:22-107
36
37    <application
38        android:name="io.flutter.app.FlutterMultiDexApplication"
39        android:appComponentFactory="androidx.core.app.CoreComponentFactory"
39-->[androidx.core:core:1.6.0] AndroidManifest.xml:24:18-86
40        android:debuggable="true"
41        android:icon="@mipmap/ic_launcher"
42        android:label="hoodie_w_a_boogie" >
43
44        <!-- added api key -->
45s
46        <meta-data
47            android:name="com.google.android.geo.API_KEY"
48            android:value="AIzaSyD0W1i0JbQoQnYDZO9YM5LO_AU0kHZhdZY" />
49
50        <activity
51            android:name="com.example.hoodie_w_a_boogie.MainActivity"
52            android:configChanges="orientation|keyboardHidden|keyboard|screenSize|smallestScreenSize|locale|layoutDirection|fontScale|screenLayout|density|uiMode"
53            android:exported="true"
54            android:hardwareAccelerated="true"
55            android:launchMode="singleTop"
56            android:theme="@style/LaunchTheme"
57            android:windowSoftInputMode="adjustResize" >
58
59            <!--
60                 Specifies an Android theme to apply to this Activity as soon as
61                 the Android process has started. This theme is visible to the user
62                 while the Flutter UI initializes. After that, this theme continues
63                 to determine the Window background behind the Flutter UI.
64            -->
65            <meta-data
66                android:name="io.flutter.embedding.android.NormalTheme"
67                android:resource="@style/NormalTheme" />
68
69            <!-- if there anything wrong w android side it might be this bc i added without testing -->
70            <!--
71                 Displays an Android View that continues showing the launch screen
72                 Drawable until Flutter paints its first frame, then this splash
73                 screen fades out. A splash screen is useful to avoid any visual
74                 gap between the end of Android's launch screen and the painting of
75                 Flutter's first frame.
76            -->
77            <meta-data
78                android:name="io.flutter.embedding.android.SplashScreenDrawable"
79                android:resource="@drawable/launch_background" />
80            <!-- end here -->
81
82            <intent-filter>
83                <action android:name="android.intent.action.MAIN" />
84
85                <category android:name="android.intent.category.LAUNCHER" />
86            </intent-filter>
87        </activity>
88        <!--
89             Don't delete the meta-data below.
90             This is used by the Flutter tool to generate GeneratedPluginRegistrant.java
91        -->
92        <meta-data
93            android:name="flutterEmbedding"
94            android:value="2" />
95
96        <service
96-->[:firebase_auth] AndroidManifest.xml:10:9-14:19
97            android:name="com.google.firebase.components.ComponentDiscoveryService"
97-->[:firebase_auth] AndroidManifest.xml:10:18-89
98            android:directBootAware="true"
98-->[com.google.firebase:firebase-common:20.3.2] AndroidManifest.xml:34:13-43
99            android:exported="false" >
99-->[com.google.firebase:firebase-analytics-ktx:21.3.0] AndroidManifest.xml:10:13-37
100            <meta-data
100-->[:firebase_auth] AndroidManifest.xml:11:13-13:85
101                android:name="com.google.firebase.components:io.flutter.plugins.firebase.auth.FlutterFirebaseAuthRegistrar"
101-->[:firebase_auth] AndroidManifest.xml:12:17-124
102                android:value="com.google.firebase.components.ComponentRegistrar" />
102-->[:firebase_auth] AndroidManifest.xml:13:17-82
103            <meta-data
103-->[:cloud_firestore] AndroidManifest.xml:11:13-13:85
104                android:name="com.google.firebase.components:io.flutter.plugins.firebase.firestore.FlutterFirebaseFirestoreRegistrar"
104-->[:cloud_firestore] AndroidManifest.xml:12:17-134
105                android:value="com.google.firebase.components.ComponentRegistrar" />
105-->[:cloud_firestore] AndroidManifest.xml:13:17-82
106            <meta-data
106-->[:firebase_core] AndroidManifest.xml:11:13-13:85
107                android:name="com.google.firebase.components:io.flutter.plugins.firebase.core.FlutterFirebaseCoreRegistrar"
107-->[:firebase_core] AndroidManifest.xml:12:17-124
108                android:value="com.google.firebase.components.ComponentRegistrar" />
108-->[:firebase_core] AndroidManifest.xml:13:17-82
109            <meta-data
109-->[com.google.firebase:firebase-analytics-ktx:21.3.0] AndroidManifest.xml:11:13-13:85
110                android:name="com.google.firebase.components:com.google.firebase.analytics.ktx.FirebaseAnalyticsKtxRegistrar"
110-->[com.google.firebase:firebase-analytics-ktx:21.3.0] AndroidManifest.xml:12:17-126
111                android:value="com.google.firebase.components.ComponentRegistrar" />
111-->[com.google.firebase:firebase-analytics-ktx:21.3.0] AndroidManifest.xml:13:17-82
112            <meta-data
112-->[com.google.firebase:firebase-common-ktx:20.3.2] AndroidManifest.xml:14:13-16:85
113                android:name="com.google.firebase.components:com.google.firebase.ktx.FirebaseCommonKtxRegistrar"
113-->[com.google.firebase:firebase-common-ktx:20.3.2] AndroidManifest.xml:15:17-113
114                android:value="com.google.firebase.components.ComponentRegistrar" />
114-->[com.google.firebase:firebase-common-ktx:20.3.2] AndroidManifest.xml:16:17-82
115            <meta-data
115-->[com.google.firebase:firebase-auth:22.0.0] AndroidManifest.xml:69:13-71:85
116                android:name="com.google.firebase.components:com.google.firebase.auth.FirebaseAuthRegistrar"
116-->[com.google.firebase:firebase-auth:22.0.0] AndroidManifest.xml:70:17-109
117                android:value="com.google.firebase.components.ComponentRegistrar" />
117-->[com.google.firebase:firebase-auth:22.0.0] AndroidManifest.xml:71:17-82
118            <meta-data
118-->[com.google.firebase:firebase-firestore:24.6.1] AndroidManifest.xml:19:13-21:85
119                android:name="com.google.firebase.components:com.google.firebase.firestore.FirestoreRegistrar"
119-->[com.google.firebase:firebase-firestore:24.6.1] AndroidManifest.xml:20:17-111
120                android:value="com.google.firebase.components.ComponentRegistrar" />
120-->[com.google.firebase:firebase-firestore:24.6.1] AndroidManifest.xml:21:17-82
121            <meta-data
121-->[com.google.android.gms:play-services-measurement-api:21.3.0] AndroidManifest.xml:31:13-33:85
122                android:name="com.google.firebase.components:com.google.firebase.analytics.connector.internal.AnalyticsConnectorRegistrar"
122-->[com.google.android.gms:play-services-measurement-api:21.3.0] AndroidManifest.xml:32:17-139
123                android:value="com.google.firebase.components.ComponentRegistrar" />
123-->[com.google.android.gms:play-services-measurement-api:21.3.0] AndroidManifest.xml:33:17-82
124            <meta-data
124-->[com.google.firebase:firebase-installations:17.1.3] AndroidManifest.xml:17:13-19:85
125                android:name="com.google.firebase.components:com.google.firebase.installations.FirebaseInstallationsRegistrar"
125-->[com.google.firebase:firebase-installations:17.1.3] AndroidManifest.xml:18:17-127
126                android:value="com.google.firebase.components.ComponentRegistrar" />
126-->[com.google.firebase:firebase-installations:17.1.3] AndroidManifest.xml:19:17-82
127        </service>
128        <service
128-->[:location] AndroidManifest.xml:13:9-17:56
129            android:name="com.lyokone.location.FlutterLocationService"
129-->[:location] AndroidManifest.xml:14:13-71
130            android:enabled="true"
130-->[:location] AndroidManifest.xml:15:13-35
131            android:exported="false"
131-->[:location] AndroidManifest.xml:16:13-37
132            android:foregroundServiceType="location" />
132-->[:location] AndroidManifest.xml:17:13-53
133
134        <activity
134-->[com.google.firebase:firebase-auth:22.0.0] AndroidManifest.xml:29:9-46:20
135            android:name="com.google.firebase.auth.internal.GenericIdpActivity"
135-->[com.google.firebase:firebase-auth:22.0.0] AndroidManifest.xml:30:13-80
136            android:excludeFromRecents="true"
136-->[com.google.firebase:firebase-auth:22.0.0] AndroidManifest.xml:31:13-46
137            android:exported="true"
137-->[com.google.firebase:firebase-auth:22.0.0] AndroidManifest.xml:32:13-36
138            android:launchMode="singleTask"
138-->[com.google.firebase:firebase-auth:22.0.0] AndroidManifest.xml:33:13-44
139            android:theme="@android:style/Theme.Translucent.NoTitleBar" >
139-->[com.google.firebase:firebase-auth:22.0.0] AndroidManifest.xml:34:13-72
140            <intent-filter>
140-->[com.google.firebase:firebase-auth:22.0.0] AndroidManifest.xml:35:13-45:29
141                <action android:name="android.intent.action.VIEW" />
141-->[com.google.firebase:firebase-auth:22.0.0] AndroidManifest.xml:36:17-69
141-->[com.google.firebase:firebase-auth:22.0.0] AndroidManifest.xml:36:25-66
142
143                <category android:name="android.intent.category.DEFAULT" />
143-->[com.google.firebase:firebase-auth:22.0.0] AndroidManifest.xml:38:17-76
143-->[com.google.firebase:firebase-auth:22.0.0] AndroidManifest.xml:38:27-73
144                <category android:name="android.intent.category.BROWSABLE" />
144-->[com.google.firebase:firebase-auth:22.0.0] AndroidManifest.xml:39:17-78
144-->[com.google.firebase:firebase-auth:22.0.0] AndroidManifest.xml:39:27-75
145
146                <data
146-->[com.google.firebase:firebase-auth:22.0.0] AndroidManifest.xml:41:17-44:51
147                    android:host="firebase.auth"
147-->[com.google.firebase:firebase-auth:22.0.0] AndroidManifest.xml:42:21-49
148                    android:path="/"
148-->[com.google.firebase:firebase-auth:22.0.0] AndroidManifest.xml:43:21-37
149                    android:scheme="genericidp" />
149-->[com.google.firebase:firebase-auth:22.0.0] AndroidManifest.xml:44:21-48
150            </intent-filter>
151        </activity>
152        <activity
152-->[com.google.firebase:firebase-auth:22.0.0] AndroidManifest.xml:47:9-64:20
153            android:name="com.google.firebase.auth.internal.RecaptchaActivity"
153-->[com.google.firebase:firebase-auth:22.0.0] AndroidManifest.xml:48:13-79
154            android:excludeFromRecents="true"
154-->[com.google.firebase:firebase-auth:22.0.0] AndroidManifest.xml:49:13-46
155            android:exported="true"
155-->[com.google.firebase:firebase-auth:22.0.0] AndroidManifest.xml:50:13-36
156            android:launchMode="singleTask"
156-->[com.google.firebase:firebase-auth:22.0.0] AndroidManifest.xml:51:13-44
157            android:theme="@android:style/Theme.Translucent.NoTitleBar" >
157-->[com.google.firebase:firebase-auth:22.0.0] AndroidManifest.xml:52:13-72
158            <intent-filter>
158-->[com.google.firebase:firebase-auth:22.0.0] AndroidManifest.xml:53:13-63:29
159                <action android:name="android.intent.action.VIEW" />
159-->[com.google.firebase:firebase-auth:22.0.0] AndroidManifest.xml:36:17-69
159-->[com.google.firebase:firebase-auth:22.0.0] AndroidManifest.xml:36:25-66
160
161                <category android:name="android.intent.category.DEFAULT" />
161-->[com.google.firebase:firebase-auth:22.0.0] AndroidManifest.xml:38:17-76
161-->[com.google.firebase:firebase-auth:22.0.0] AndroidManifest.xml:38:27-73
162                <category android:name="android.intent.category.BROWSABLE" />
162-->[com.google.firebase:firebase-auth:22.0.0] AndroidManifest.xml:39:17-78
162-->[com.google.firebase:firebase-auth:22.0.0] AndroidManifest.xml:39:27-75
163
164                <data
164-->[com.google.firebase:firebase-auth:22.0.0] AndroidManifest.xml:41:17-44:51
165                    android:host="firebase.auth"
165-->[com.google.firebase:firebase-auth:22.0.0] AndroidManifest.xml:42:21-49
166                    android:path="/"
166-->[com.google.firebase:firebase-auth:22.0.0] AndroidManifest.xml:43:21-37
167                    android:scheme="recaptcha" />
167-->[com.google.firebase:firebase-auth:22.0.0] AndroidManifest.xml:44:21-48
168            </intent-filter>
169        </activity>
170
171        <uses-library
171-->[androidx.window:window:1.0.0-beta04] AndroidManifest.xml:25:9-27:40
172            android:name="androidx.window.extensions"
172-->[androidx.window:window:1.0.0-beta04] AndroidManifest.xml:26:13-54
173            android:required="false" />
173-->[androidx.window:window:1.0.0-beta04] AndroidManifest.xml:27:13-37
174        <uses-library
174-->[androidx.window:window:1.0.0-beta04] AndroidManifest.xml:28:9-30:40
175            android:name="androidx.window.sidecar"
175-->[androidx.window:window:1.0.0-beta04] AndroidManifest.xml:29:13-51
176            android:required="false" />
176-->[androidx.window:window:1.0.0-beta04] AndroidManifest.xml:30:13-37
177
178        <provider
178-->[com.google.firebase:firebase-common:20.3.2] AndroidManifest.xml:25:9-30:39
179            android:name="com.google.firebase.provider.FirebaseInitProvider"
179-->[com.google.firebase:firebase-common:20.3.2] AndroidManifest.xml:26:13-77
180            android:authorities="com.example.hoodie_w_a_boogie.firebaseinitprovider"
180-->[com.google.firebase:firebase-common:20.3.2] AndroidManifest.xml:27:13-72
181            android:directBootAware="true"
181-->[com.google.firebase:firebase-common:20.3.2] AndroidManifest.xml:28:13-43
182            android:exported="false"
182-->[com.google.firebase:firebase-common:20.3.2] AndroidManifest.xml:29:13-37
183            android:initOrder="100" /> <!-- Needs to be explicitly declared on P+ -->
183-->[com.google.firebase:firebase-common:20.3.2] AndroidManifest.xml:30:13-36
184        <uses-library
184-->[com.google.android.gms:play-services-maps:18.1.0] AndroidManifest.xml:39:9-41:40
185            android:name="org.apache.http.legacy"
185-->[com.google.android.gms:play-services-maps:18.1.0] AndroidManifest.xml:40:13-50
186            android:required="false" />
186-->[com.google.android.gms:play-services-maps:18.1.0] AndroidManifest.xml:41:13-37
187
188        <activity
188-->[com.google.android.gms:play-services-base:18.0.1] AndroidManifest.xml:20:9-22:45
189            android:name="com.google.android.gms.common.api.GoogleApiActivity"
189-->[com.google.android.gms:play-services-base:18.0.1] AndroidManifest.xml:20:19-85
190            android:exported="false"
190-->[com.google.android.gms:play-services-base:18.0.1] AndroidManifest.xml:22:19-43
191            android:theme="@android:style/Theme.Translucent.NoTitleBar" />
191-->[com.google.android.gms:play-services-base:18.0.1] AndroidManifest.xml:21:19-78
192
193        <receiver
193-->[com.google.android.gms:play-services-measurement:21.3.0] AndroidManifest.xml:29:9-33:20
194            android:name="com.google.android.gms.measurement.AppMeasurementReceiver"
194-->[com.google.android.gms:play-services-measurement:21.3.0] AndroidManifest.xml:30:13-85
195            android:enabled="true"
195-->[com.google.android.gms:play-services-measurement:21.3.0] AndroidManifest.xml:31:13-35
196            android:exported="false" >
196-->[com.google.android.gms:play-services-measurement:21.3.0] AndroidManifest.xml:32:13-37
197        </receiver>
198
199        <service
199-->[com.google.android.gms:play-services-measurement:21.3.0] AndroidManifest.xml:35:9-38:40
200            android:name="com.google.android.gms.measurement.AppMeasurementService"
200-->[com.google.android.gms:play-services-measurement:21.3.0] AndroidManifest.xml:36:13-84
201            android:enabled="true"
201-->[com.google.android.gms:play-services-measurement:21.3.0] AndroidManifest.xml:37:13-35
202            android:exported="false" />
202-->[com.google.android.gms:play-services-measurement:21.3.0] AndroidManifest.xml:38:13-37
203        <service
203-->[com.google.android.gms:play-services-measurement:21.3.0] AndroidManifest.xml:39:9-43:72
204            android:name="com.google.android.gms.measurement.AppMeasurementJobService"
204-->[com.google.android.gms:play-services-measurement:21.3.0] AndroidManifest.xml:40:13-87
205            android:enabled="true"
205-->[com.google.android.gms:play-services-measurement:21.3.0] AndroidManifest.xml:41:13-35
206            android:exported="false"
206-->[com.google.android.gms:play-services-measurement:21.3.0] AndroidManifest.xml:42:13-37
207            android:permission="android.permission.BIND_JOB_SERVICE" />
207-->[com.google.android.gms:play-services-measurement:21.3.0] AndroidManifest.xml:43:13-69
208
209        <meta-data
209-->[com.google.android.gms:play-services-basement:18.1.0] AndroidManifest.xml:21:9-23:69
210            android:name="com.google.android.gms.version"
210-->[com.google.android.gms:play-services-basement:18.1.0] AndroidManifest.xml:22:13-58
211            android:value="@integer/google_play_services_version" />
211-->[com.google.android.gms:play-services-basement:18.1.0] AndroidManifest.xml:23:13-66
212    </application>
213
214</manifest>